Arguments: 
  /usr/local/Cellar/node/9.11.1/bin/node /usr/local/Cellar/yarn/1.5.1_1/libexec/bin/yarn.js add --save @kubex/cube-icon

PATH: 
  /usr/local/share/google/google-cloud-sdk/bin:/Users/tom/bin:/usr/local/bin:/usr/local/sbin:/usr/local/bin:/usr/bin:/bin:/usr/sbin:/sbin:/usr/local/MacGPG2/bin:/Users/tom/Websites/jdi/arcflow:/Users/tom/Websites/fortifi/devenv:/Users/tom/go/bin

Yarn version: 
  1.5.1

Node version: 
  9.11.1

Platform: 
  darwin x64

npm manifest: 
  {
    "name": "@kubex/cube-card",
    "flat": true,
    "version": "3.0.0-pre.1",
    "description": "An element providing a solution to no problem in particular.",
    "contributors": [
      "Anonymous <anonymous@example.com>"
    ],
    "keywords": [
      "web-component",
      "polymer",
      "seed"
    ],
    "main": "cube-card.html",
    "license": "MIT",
    "homepage": "https://github.com/CubexElements/cube-card/",
    "dependencies": {
      "@polymer/polymer": "^3.0.0-pre.1",
      "@webcomponents/shadycss": "^1.1.3"
    },
    "devDependencies": {}
  }

yarn manifest: 
  No manifest

Lockfile: 
  # THIS IS AN AUTOGENERATED FILE. DO NOT EDIT THIS FILE DIRECTLY.
  # yarn lockfile v1
  
  
  "@polymer/polymer@^3.0.0-pre.1":
    version "3.0.0-pre.12"
    resolved "https://registry.yarnpkg.com/@polymer/polymer/-/polymer-3.0.0-pre.12.tgz#3f5dd19099a194bf1066cf417ae13c335bd63b04"
    dependencies:
      "@webcomponents/shadycss" "^1.0.0"
      "@webcomponents/webcomponentsjs" "^1.0.0"
  
  "@webcomponents/shadycss@^1.0.0", "@webcomponents/shadycss@^1.1.3":
    version "1.1.3"
    resolved "https://registry.yarnpkg.com/@webcomponents/shadycss/-/shadycss-1.1.3.tgz#6d4c7d2d842de9dba1b3ac5cc051938b8439c043"
  
  "@webcomponents/webcomponentsjs@^1.0.0":
    version "1.2.0"
    resolved "https://registry.yarnpkg.com/@webcomponents/webcomponentsjs/-/webcomponentsjs-1.2.0.tgz#c9e129340c3e4637f5fa6505e968e85face7bd5b"

Trace: 
  Error: Missing list of packages to add to your project.
      at new MessageError (/usr/local/Cellar/yarn/1.5.1_1/libexec/lib/cli.js:186:110)
      at Object.<anonymous> (/usr/local/Cellar/yarn/1.5.1_1/libexec/lib/cli.js:40587:13)
      at Generator.next (<anonymous>)
      at step (/usr/local/Cellar/yarn/1.5.1_1/libexec/lib/cli.js:98:30)
      at /usr/local/Cellar/yarn/1.5.1_1/libexec/lib/cli.js:116:14
      at new Promise (<anonymous>)
      at new F (/usr/local/Cellar/yarn/1.5.1_1/libexec/lib/cli.js:23451:28)
      at Object.<anonymous> (/usr/local/Cellar/yarn/1.5.1_1/libexec/lib/cli.js:95:12)
      at Object.run (/usr/local/Cellar/yarn/1.5.1_1/libexec/lib/cli.js:40599:19)
      at run (/usr/local/Cellar/yarn/1.5.1_1/libexec/lib/cli.js:89113:20)
